Date & Time:Sat, 10 Jul 2021 11:55:50 IST
Module : PosMysqlBackup
Method : createMysqlBackup
Message : DB Backup Preparation Starting...


Date & Time:Sat, 10 Jul 2021 11:55:50 IST
Module : PosMysqlBackup
Method : createMysqlBackup
Message : JDBC_CONNECTION_STRING :jdbc:mysql://127.0.0.1:3306/posella_shop_db


Date & Time:Sat, 10 Jul 2021 11:55:52 IST
Module : PosMysqlBackup
Method : createMysqlBackup
Message : DB Backup Preparation Completed


Date & Time:Sat, 10 Jul 2021 11:55:52 IST
Module : PosMysqlBackup
Method : createMysqlBackup
Message : DB Backup Storage Completed


Date & Time:Sat, 10 Jul 2021 11:55:54 IST
Module : PosBackup
Method : deleteOldBackup
Message :  Total No of backup 7


Date & Time:Sat, 10 Jul 2021 11:55:54 IST
Module : PosBackup
Method : createFilteredBackup
Message : Backup File SH-PYTM-202107101155


Date & Time:Sat, 10 Jul 2021 12:26:05 IST
Module : PosMysqlBackup
Method : createMysqlBackup
Message : DB Backup Preparation Starting...


Date & Time:Sat, 10 Jul 2021 12:26:05 IST
Module : PosMysqlBackup
Method : createMysqlBackup
Message : JDBC_CONNECTION_STRING :jdbc:mysql://127.0.0.1:3306/posella_shop_db


Date & Time:Sat, 10 Jul 2021 12:26:06 IST
Module : PosMysqlBackup
Method : createMysqlBackup
Message : DB Backup Preparation Completed


Date & Time:Sat, 10 Jul 2021 12:26:06 IST
Module : PosMysqlBackup
Method : createMysqlBackup
Message : DB Backup Storage Completed


Date & Time:Sat, 10 Jul 2021 12:26:07 IST
Module : PosBackup
Method : createFilteredBackup
Message : Exception .\SH-PYTM-202107101155.sql (The system cannot find the file specified)


Date & Time:Sat, 10 Jul 2021 14:34:29 IST
Module : PosMysqlBackup
Method : createMysqlBackup
Message : DB Backup Preparation Starting...


Date & Time:Sat, 10 Jul 2021 14:34:29 IST
Module : PosMysqlBackup
Method : createMysqlBackup
Message : JDBC_CONNECTION_STRING :jdbc:mysql://127.0.0.1:3306/posella_pandhal_test_v1


Date & Time:Sat, 10 Jul 2021 14:34:31 IST
Module : PosMysqlBackup
Method : createMysqlBackup
Message : DB Backup Preparation Completed


Date & Time:Sat, 10 Jul 2021 14:34:31 IST
Module : PosMysqlBackup
Method : createMysqlBackup
Message : DB Backup Storage Completed


Date & Time:Sat, 10 Jul 2021 14:34:33 IST
Module : PosBackup
Method : deleteOldBackup
Message :  Total No of backup 7


Date & Time:Sat, 10 Jul 2021 14:34:33 IST
Module : PosBackup
Method : createFilteredBackup
Message : Backup File SHP01-T1-202107100234


Date & Time:Sat, 10 Jul 2021 17:39:05 IST
Module : PosMysqlBackup
Method : createMysqlBackup
Message : DB Backup Preparation Starting...


Date & Time:Sat, 10 Jul 2021 17:39:05 IST
Module : PosMysqlBackup
Method : createMysqlBackup
Message : JDBC_CONNECTION_STRING :jdbc:mysql://127.0.0.1:3306/posella_pandhal_test_v1


Date & Time:Sat, 10 Jul 2021 17:39:07 IST
Module : PosMysqlBackup
Method : createMysqlBackup
Message : DB Backup Preparation Completed


Date & Time:Sat, 10 Jul 2021 17:39:07 IST
Module : PosMysqlBackup
Method : createMysqlBackup
Message : DB Backup Storage Completed


Date & Time:Sat, 10 Jul 2021 17:39:08 IST
Module : PosBackup
Method : deleteOldBackup
Message :  Total No of backup 6


Date & Time:Sat, 10 Jul 2021 17:39:08 IST
Module : PosBackup
Method : createFilteredBackup
Message : Backup File SHP01-T1-202107100539


