Date & Time:Tue, 06 Jul 2021 09:48:29 IST
Module : PosMysqlBackup
Method : createMysqlBackup
Message : DB Backup Preparation Starting...


Date & Time:Tue, 06 Jul 2021 09:48:29 IST
Module : PosMysqlBackup
Method : createMysqlBackup
Message : JDBC_CONNECTION_STRING :jdbc:mysql://127.0.0.1:3306/posella_shop_db


Date & Time:Tue, 06 Jul 2021 09:48:31 IST
Module : PosMysqlBackup
Method : createMysqlBackup
Message : DB Backup Preparation Completed


Date & Time:Tue, 06 Jul 2021 09:48:31 IST
Module : PosMysqlBackup
Method : createMysqlBackup
Message : DB Backup Storage Completed


Date & Time:Tue, 06 Jul 2021 09:48:33 IST
Module : PosBackup
Method : deleteOldBackup
Message :  Total No of backup 6


Date & Time:Tue, 06 Jul 2021 09:48:33 IST
Module : PosBackup
Method : createFilteredBackup
Message : Backup File SH-PYTM-202107060948


Date & Time:Tue, 06 Jul 2021 09:55:23 IST
Module : PosMysqlBackup
Method : createMysqlBackup
Message : DB Backup Preparation Starting...


Date & Time:Tue, 06 Jul 2021 09:55:23 IST
Module : PosMysqlBackup
Method : createMysqlBackup
Message : JDBC_CONNECTION_STRING :jdbc:mysql://127.0.0.1:3306/posella_shop_db


Date & Time:Tue, 06 Jul 2021 09:55:24 IST
Module : PosMysqlBackup
Method : createMysqlBackup
Message : DB Backup Preparation Completed


Date & Time:Tue, 06 Jul 2021 09:55:24 IST
Module : PosMysqlBackup
Method : createMysqlBackup
Message : DB Backup Storage Completed


Date & Time:Tue, 06 Jul 2021 09:55:25 IST
Module : PosBackup
Method : createFilteredBackup
Message : Exception .\SH-PYTM-202107060948.sql (The system cannot find the file specified)


