Date & Time:Fri, 23 Jul 2021 12:06:23 IST
Module : PosMysqlBackup
Method : createMysqlBackup
Message : DB Backup Preparation Starting...


Date & Time:Fri, 23 Jul 2021 12:06:23 IST
Module : PosMysqlBackup
Method : createMysqlBackup
Message : JDBC_CONNECTION_STRING :jdbc:mysql://127.0.0.1:3306/posella_shop_db


Date & Time:Fri, 23 Jul 2021 12:06:25 IST
Module : PosMysqlBackup
Method : createMysqlBackup
Message : DB Backup Preparation Completed


Date & Time:Fri, 23 Jul 2021 12:06:25 IST
Module : PosMysqlBackup
Method : createMysqlBackup
Message : DB Backup Storage Completed


Date & Time:Fri, 23 Jul 2021 12:06:27 IST
Module : PosBackup
Method : deleteOldBackup
Message :  Total No of backup 6


Date & Time:Fri, 23 Jul 2021 12:06:27 IST
Module : PosBackup
Method : createFilteredBackup
Message : Backup File SH-PYTM-202107231206


